[2024-07-03 22:52:22:324 ] [background-preinit] INFO  [org.hibernate.validator.internal.util.Version.<clinit>:21] - HV000001: Hibernate Validator 8.0.1.Final 
[2024-07-03 22:52:22:344 ] [main] INFO  [org.springframework.boot.StartupInfoLogger.logStarting:50] - Starting CouponApplication using Java 21.0.3 with PID 80082 (/Users/zei/workspace/supernova/novabook-back-coupon/target/classes started by zei in /Users/zei/workspace/supernova/novabook-back-coupon) 
[2024-07-03 22:52:22:344 ] [main] INFO  [org.springframework.boot.SpringApplication.logStartupProfileInfo:660] - The following 1 profile is active: "dev" 
[2024-07-03 22:52:23:636 ] [main] INFO  [org.springframework.data.repository.config.RepositoryConfigurationDelegate.multipleStoresDetected:295] - Multiple Spring Data modules found, entering strict repository configuration mode 
[2024-07-03 22:52:23:637 ] [main] INFO  [org.springframework.data.repository.config.RepositoryConfigurationDelegate.registerRepositoriesIn:143] - Bootstrapping Spring Data Redis repositories in DEFAULT mode. 
[2024-07-03 22:52:23:648 ] [main] INFO  [org.springframework.data.repository.config.RepositoryConfigurationDelegate.registerRepositoriesIn:211] - Finished Spring Data repository scanning in 1 ms. Found 0 Redis repository interfaces. 
[2024-07-03 22:52:23:767 ] [main] INFO  [org.springframework.data.repository.config.RepositoryConfigurationDelegate.multipleStoresDetected:295] - Multiple Spring Data modules found, entering strict repository configuration mode 
[2024-07-03 22:52:23:768 ] [main] INFO  [org.springframework.data.repository.config.RepositoryConfigurationDelegate.registerRepositoriesIn:143] - Bootstrapping Spring Data JPA repositories in DEFAULT mode. 
[2024-07-03 22:52:23:838 ] [main] INFO  [org.springframework.data.repository.config.RepositoryConfigurationDelegate.registerRepositoriesIn:211] - Finished Spring Data repository scanning in 68 ms. Found 4 JPA repository interfaces. 
[2024-07-03 22:52:23:841 ] [main] INFO  [org.springframework.data.repository.config.RepositoryConfigurationDelegate.multipleStoresDetected:295] - Multiple Spring Data modules found, entering strict repository configuration mode 
[2024-07-03 22:52:23:841 ] [main] INFO  [org.springframework.data.repository.config.RepositoryConfigurationDelegate.registerRepositoriesIn:143] - Bootstrapping Spring Data Redis repositories in DEFAULT mode. 
[2024-07-03 22:52:23:844 ] [main] INFO  [org.springframework.data.repository.config.RepositoryConfigurationExtensionSupport.isStrictRepositoryCandidate:320] - Spring Data Redis - Could not safely identify store assignment for repository candidate interface store.novabook.coupon.coupon.repository.BookCouponTemplateRepository; If you want this repository to be a Redis repository, consider annotating your entities with one of these annotations: org.springframework.data.redis.core.RedisHash (preferred), or consider extending one of the following types with your repository: org.springframework.data.keyvalue.repository.KeyValueRepository 
[2024-07-03 22:52:23:844 ] [main] INFO  [org.springframework.data.repository.config.RepositoryConfigurationExtensionSupport.isStrictRepositoryCandidate:320] - Spring Data Redis - Could not safely identify store assignment for repository candidate interface store.novabook.coupon.coupon.repository.CategoryCouponTemplateRepository; If you want this repository to be a Redis repository, consider annotating your entities with one of these annotations: org.springframework.data.redis.core.RedisHash (preferred), or consider extending one of the following types with your repository: org.springframework.data.keyvalue.repository.KeyValueRepository 
[2024-07-03 22:52:23:844 ] [main] INFO  [org.springframework.data.repository.config.RepositoryConfigurationExtensionSupport.isStrictRepositoryCandidate:320] - Spring Data Redis - Could not safely identify store assignment for repository candidate interface store.novabook.coupon.coupon.repository.CouponRepository; If you want this repository to be a Redis repository, consider annotating your entities with one of these annotations: org.springframework.data.redis.core.RedisHash (preferred), or consider extending one of the following types with your repository: org.springframework.data.keyvalue.repository.KeyValueRepository 
[2024-07-03 22:52:23:844 ] [main] INFO  [org.springframework.data.repository.config.RepositoryConfigurationExtensionSupport.isStrictRepositoryCandidate:320] - Spring Data Redis - Could not safely identify store assignment for repository candidate interface store.novabook.coupon.coupon.repository.CouponTemplateRepository; If you want this repository to be a Redis repository, consider annotating your entities with one of these annotations: org.springframework.data.redis.core.RedisHash (preferred), or consider extending one of the following types with your repository: org.springframework.data.keyvalue.repository.KeyValueRepository 
[2024-07-03 22:52:23:844 ] [main] INFO  [org.springframework.data.repository.config.RepositoryConfigurationDelegate.registerRepositoriesIn:211] - Finished Spring Data repository scanning in 3 ms. Found 0 Redis repository interfaces. 
[2024-07-03 22:52:23:964 ] [main] INFO  [org.springframework.cloud.context.scope.GenericScope.setSerializationId:282] - BeanFactory id=fd7757b2-8c91-3ebc-bc31-181ecde0881b 
[2024-07-03 22:52:23:1144] [main] INFO  [org.springframework.boot.web.embedded.tomcat.TomcatWebServer.initialize:111] - Tomcat initialized with port 8070 (http) 
[2024-07-03 22:52:23:1149] [main] INFO  [org.apache.juli.logging.DirectJDKLog.log:173] - Initializing ProtocolHandler ["http-nio-8070"] 
[2024-07-03 22:52:23:1149] [main] INFO  [org.apache.juli.logging.DirectJDKLog.log:173] - Starting service [Tomcat] 
[2024-07-03 22:52:23:1149] [main] INFO  [org.apache.juli.logging.DirectJDKLog.log:173] - Starting Servlet engine: [Apache Tomcat/10.1.24] 
[2024-07-03 22:52:23:1172] [main] INFO  [org.apache.juli.logging.DirectJDKLog.log:173] - Initializing Spring embedded WebApplicationContext 
[2024-07-03 22:52:23:1172] [main] INFO  [org.springframework.boot.web.servlet.context.ServletWebServerApplicationContext.prepareWebApplicationContext:296] - Root WebApplicationContext: initialization completed in 811 ms 
[2024-07-03 22:52:23:1241] [main] INFO  [org.hibernate.jpa.internal.util.LogHelper.logPersistenceUnitInformation:31] - HHH000204: Processing PersistenceUnitInfo [name: default] 
[2024-07-03 22:52:23:1269] [main] INFO  [org.hibernate.Version.logVersion:44] - HHH000412: Hibernate ORM core version 6.5.2.Final 
[2024-07-03 22:52:23:1283] [main] INFO  [org.hibernate.cache.internal.RegionFactoryInitiator.initiateService:50] - HHH000026: Second-level cache disabled 
[2024-07-03 22:52:23:1399] [main] INFO  [org.springframework.orm.jpa.persistenceunit.SpringPersistenceUnitInfo.addTransformer:87] - No LoadTimeWeaver setup: ignoring JPA class transformer 
[2024-07-03 22:52:25:2858] [main] INFO  [org.hibernate.engine.transaction.jta.platform.internal.JtaPlatformInitiator.initiateService:59] - HHH000489: No JTA platform available (set 'hibernate.transaction.jta.platform' to enable JTA platform integration) 
[2024-07-03 22:52:25:2902] [main] INFO  [org.springframework.orm.jpa.AbstractEntityManagerFactoryBean.buildNativeEntityManagerFactory:437] - Initialized JPA EntityManagerFactory for persistence unit 'default' 
[2024-07-03 22:52:26:3811] [main] INFO  [org.springframework.cloud.netflix.eureka.config.DiscoveryClientOptionalArgsConfiguration.restTemplateDiscoveryClientOptionalArgs:76] - Eureka HTTP Client uses RestTemplate. 
[2024-07-03 22:52:26:3881] [main] INFO  [org.springframework.cloud.netflix.eureka.InstanceInfoFactory.create:67] - Setting initial instance status as: STARTING 
[2024-07-03 22:52:26:3897] [main] INFO  [com.netflix.discovery.DiscoveryClient.<init>:327] - Initializing Eureka in region us-east-1 
[2024-07-03 22:52:26:3899] [main] INFO  [com.netflix.discovery.shared.resolver.aws.ConfigClusterResolver.getClusterEndpoints:43] - Resolving eureka endpoints via configuration 
[2024-07-03 22:52:26:3908] [main] INFO  [com.netflix.discovery.DiscoveryClient.fetchRegistry:951] - Disable delta property : false 
[2024-07-03 22:52:26:3908] [main] INFO  [com.netflix.discovery.DiscoveryClient.fetchRegistry:952] - Single vip registry refresh property : null 
[2024-07-03 22:52:26:3908] [main] INFO  [com.netflix.discovery.DiscoveryClient.fetchRegistry:953] - Force full registry fetch : false 
[2024-07-03 22:52:26:3908] [main] INFO  [com.netflix.discovery.DiscoveryClient.fetchRegistry:954] - Application is null : false 
[2024-07-03 22:52:26:3908] [main] INFO  [com.netflix.discovery.DiscoveryClient.fetchRegistry:955] - Registered Applications size is zero : true 
[2024-07-03 22:52:26:3909] [main] INFO  [com.netflix.discovery.DiscoveryClient.fetchRegistry:957] - Application version is -1: true 
[2024-07-03 22:52:26:3909] [main] INFO  [com.netflix.discovery.DiscoveryClient.getAndStoreFullRegistry:1041] - Getting all instance registry info from the eureka server 
[2024-07-03 22:52:26:4036] [main] INFO  [com.netflix.discovery.DiscoveryClient.getAndStoreFullRegistry:1050] - The response status is 200 
[2024-07-03 22:52:26:4037] [main] INFO  [com.netflix.discovery.DiscoveryClient.initScheduledTasks:1265] - Starting heartbeat executor: renew interval is: 30 
[2024-07-03 22:52:26:4038] [main] INFO  [com.netflix.discovery.InstanceInfoReplicator.<init>:60] - InstanceInfoReplicator onDemand update allowed rate per min is 4 
[2024-07-03 22:52:26:4040] [main] INFO  [com.netflix.discovery.DiscoveryClient.<init>:447] - Discovery Client initialized at timestamp 1720014746609 with initial instances count: 4 
[2024-07-03 22:52:26:4041] [main] INFO  [org.springframework.cloud.netflix.eureka.serviceregistry.EurekaServiceRegistry.register:70] - Registering application COUPON with eureka with status UP 
[2024-07-03 22:52:26:4042] [main] INFO  [com.netflix.discovery.DiscoveryClient$3.notify:1296] - Saw local status change event StatusChangeEvent [timestamp=1720014746611, current=UP, previous=STARTING] 
[2024-07-03 22:52:26:4042] [DiscoveryClient-InstanceInfoReplicator-0] INFO  [com.netflix.discovery.DiscoveryClient.register:817] - DiscoveryClient_COUPON/10.220.222.38:coupon:8070: registering service... 
[2024-07-03 22:52:26:4042] [main] INFO  [org.apache.juli.logging.DirectJDKLog.log:173] - Starting ProtocolHandler ["http-nio-8070"] 
[2024-07-03 22:52:26:4051] [main] INFO  [org.springframework.boot.web.embedded.tomcat.TomcatWebServer.start:243] - Tomcat started on port 8070 (http) with context path '/' 
[2024-07-03 22:52:26:4051] [main] INFO  [org.springframework.cloud.netflix.eureka.serviceregistry.EurekaAutoServiceRegistration.onApplicationEvent:150] - Updating port to 8070 
[2024-07-03 22:52:26:4053] [main] INFO  [org.springframework.amqp.rabbit.connection.AbstractConnectionFactory.connectAddresses:666] - Attempting to connect to: [133.186.241.167:5672] 
[2024-07-03 22:52:26:4063] [DiscoveryClient-InstanceInfoReplicator-0] INFO  [com.netflix.discovery.DiscoveryClient.register:826] - DiscoveryClient_COUPON/10.220.222.38:coupon:8070 - registration status: 204 
[2024-07-03 22:52:26:4132] [main] INFO  [org.springframework.amqp.rabbit.connection.AbstractConnectionFactory.createBareConnection:608] - Created new connection: rabbitConnectionFactory#72426ced:0/SimpleConnection@53bd2b00 [delegate=amqp://admin@133.186.241.167:5672/, localPort=56814] 
[2024-07-03 22:52:26:4354] [main] INFO  [org.springframework.boot.StartupInfoLogger.logStarted:56] - Started CouponApplication in 4.269 seconds (process running for 4.644) 
[2024-07-03 22:52:57:35001] [SpringApplicationShutdownHook] INFO  [org.springframework.cloud.netflix.eureka.serviceregistry.EurekaServiceRegistry.deregister:91] - Unregistering application COUPON with eureka with status DOWN 
[2024-07-03 22:52:57:35002] [SpringApplicationShutdownHook] INFO  [com.netflix.discovery.DiscoveryClient$3.notify:1296] - Saw local status change event StatusChangeEvent [timestamp=1720014777571, current=DOWN, previous=UP] 
[2024-07-03 22:52:57:35002] [DiscoveryClient-InstanceInfoReplicator-0] INFO  [com.netflix.discovery.DiscoveryClient.register:817] - DiscoveryClient_COUPON/10.220.222.38:coupon:8070: registering service... 
[2024-07-03 22:52:57:35007] [DiscoveryClient-InstanceInfoReplicator-0] INFO  [com.netflix.discovery.DiscoveryClient.register:826] - DiscoveryClient_COUPON/10.220.222.38:coupon:8070 - registration status: 204 
[2024-07-03 22:52:57:35018] [org.springframework.amqp.rabbit.RabbitListenerEndpointContainer#0-2] INFO  [org.springframework.amqp.rabbit.listener.SimpleMessageListenerContainer.lambda$shutdownAndWaitOrCallback$2:686] - Waiting for workers to finish. 
[2024-07-03 22:52:57:35026] [org.springframework.amqp.rabbit.RabbitListenerEndpointContainer#1-2] INFO  [org.springframework.amqp.rabbit.listener.SimpleMessageListenerContainer.lambda$shutdownAndWaitOrCallback$2:686] - Waiting for workers to finish. 
[2024-07-03 22:52:57:35393] [org.springframework.amqp.rabbit.RabbitListenerEndpointContainer#0-2] INFO  [org.springframework.amqp.rabbit.listener.SimpleMessageListenerContainer.lambda$shutdownAndWaitOrCallback$2:690] - Successfully waited for workers to finish. 
[2024-07-03 22:52:58:35449] [org.springframework.amqp.rabbit.RabbitListenerEndpointContainer#1-2] INFO  [org.springframework.amqp.rabbit.listener.SimpleMessageListenerContainer.lambda$shutdownAndWaitOrCallback$2:690] - Successfully waited for workers to finish. 
[2024-07-03 22:52:58:35607] [SpringApplicationShutdownHook] INFO  [org.springframework.orm.jpa.AbstractEntityManagerFactoryBean.destroy:650] - Closing JPA EntityManagerFactory for persistence unit 'default' 
[2024-07-03 22:52:58:35613] [SpringApplicationShutdownHook] INFO  [com.netflix.discovery.DiscoveryClient.shutdown:879] - Shutting down DiscoveryClient ... 
[2024-07-03 23:00:46:395 ] [background-preinit] INFO  [org.hibernate.validator.internal.util.Version.<clinit>:21] - HV000001: Hibernate Validator 8.0.1.Final 
[2024-07-03 23:00:46:407 ] [main] INFO  [org.springframework.boot.StartupInfoLogger.logStarting:50] - Starting CouponApplicationTests using Java 21.0.3 with PID 81709 (started by zei in /Users/zei/workspace/supernova/novabook-back-coupon) 
[2024-07-03 23:00:46:408 ] [main] INFO  [org.springframework.boot.SpringApplication.logStartupProfileInfo:660] - The following 1 profile is active: "dev" 
[2024-07-03 23:00:47:714 ] [main] INFO  [org.springframework.data.repository.config.RepositoryConfigurationDelegate.multipleStoresDetected:295] - Multiple Spring Data modules found, entering strict repository configuration mode 
[2024-07-03 23:00:47:715 ] [main] INFO  [org.springframework.data.repository.config.RepositoryConfigurationDelegate.registerRepositoriesIn:143] - Bootstrapping Spring Data Redis repositories in DEFAULT mode. 
[2024-07-03 23:00:47:724 ] [main] INFO  [org.springframework.data.repository.config.RepositoryConfigurationDelegate.registerRepositoriesIn:211] - Finished Spring Data repository scanning in 2 ms. Found 0 Redis repository interfaces. 
[2024-07-03 23:00:47:853 ] [main] INFO  [org.springframework.data.repository.config.RepositoryConfigurationDelegate.multipleStoresDetected:295] - Multiple Spring Data modules found, entering strict repository configuration mode 
[2024-07-03 23:00:47:853 ] [main] INFO  [org.springframework.data.repository.config.RepositoryConfigurationDelegate.registerRepositoriesIn:143] - Bootstrapping Spring Data JPA repositories in DEFAULT mode. 
[2024-07-03 23:00:47:923 ] [main] INFO  [org.springframework.data.repository.config.RepositoryConfigurationDelegate.registerRepositoriesIn:211] - Finished Spring Data repository scanning in 68 ms. Found 4 JPA repository interfaces. 
[2024-07-03 23:00:47:928 ] [main] INFO  [org.springframework.data.repository.config.RepositoryConfigurationDelegate.multipleStoresDetected:295] - Multiple Spring Data modules found, entering strict repository configuration mode 
[2024-07-03 23:00:47:928 ] [main] INFO  [org.springframework.data.repository.config.RepositoryConfigurationDelegate.registerRepositoriesIn:143] - Bootstrapping Spring Data Redis repositories in DEFAULT mode. 
[2024-07-03 23:00:47:932 ] [main] INFO  [org.springframework.data.repository.config.RepositoryConfigurationExtensionSupport.isStrictRepositoryCandidate:320] - Spring Data Redis - Could not safely identify store assignment for repository candidate interface store.novabook.coupon.coupon.repository.BookCouponTemplateRepository; If you want this repository to be a Redis repository, consider annotating your entities with one of these annotations: org.springframework.data.redis.core.RedisHash (preferred), or consider extending one of the following types with your repository: org.springframework.data.keyvalue.repository.KeyValueRepository 
[2024-07-03 23:00:47:932 ] [main] INFO  [org.springframework.data.repository.config.RepositoryConfigurationExtensionSupport.isStrictRepositoryCandidate:320] - Spring Data Redis - Could not safely identify store assignment for repository candidate interface store.novabook.coupon.coupon.repository.CategoryCouponTemplateRepository; If you want this repository to be a Redis repository, consider annotating your entities with one of these annotations: org.springframework.data.redis.core.RedisHash (preferred), or consider extending one of the following types with your repository: org.springframework.data.keyvalue.repository.KeyValueRepository 
[2024-07-03 23:00:47:932 ] [main] INFO  [org.springframework.data.repository.config.RepositoryConfigurationExtensionSupport.isStrictRepositoryCandidate:320] - Spring Data Redis - Could not safely identify store assignment for repository candidate interface store.novabook.coupon.coupon.repository.CouponRepository; If you want this repository to be a Redis repository, consider annotating your entities with one of these annotations: org.springframework.data.redis.core.RedisHash (preferred), or consider extending one of the following types with your repository: org.springframework.data.keyvalue.repository.KeyValueRepository 
[2024-07-03 23:00:47:932 ] [main] INFO  [org.springframework.data.repository.config.RepositoryConfigurationExtensionSupport.isStrictRepositoryCandidate:320] - Spring Data Redis - Could not safely identify store assignment for repository candidate interface store.novabook.coupon.coupon.repository.CouponTemplateRepository; If you want this repository to be a Redis repository, consider annotating your entities with one of these annotations: org.springframework.data.redis.core.RedisHash (preferred), or consider extending one of the following types with your repository: org.springframework.data.keyvalue.repository.KeyValueRepository 
[2024-07-03 23:00:47:932 ] [main] INFO  [org.springframework.data.repository.config.RepositoryConfigurationDelegate.registerRepositoriesIn:211] - Finished Spring Data repository scanning in 3 ms. Found 0 Redis repository interfaces. 
[2024-07-03 23:00:47:1047] [main] INFO  [org.springframework.cloud.context.scope.GenericScope.setSerializationId:282] - BeanFactory id=50f2c32e-9eb4-3bf4-8d86-dd63a730cb75 
[2024-07-03 23:00:47:1221] [main] INFO  [org.hibernate.jpa.internal.util.LogHelper.logPersistenceUnitInformation:31] - HHH000204: Processing PersistenceUnitInfo [name: default] 
[2024-07-03 23:00:47:1245] [main] INFO  [org.hibernate.Version.logVersion:44] - HHH000412: Hibernate ORM core version 6.5.2.Final 
[2024-07-03 23:00:47:1257] [main] INFO  [org.hibernate.cache.internal.RegionFactoryInitiator.initiateService:50] - HHH000026: Second-level cache disabled 
[2024-07-03 23:00:47:1364] [main] INFO  [org.springframework.orm.jpa.persistenceunit.SpringPersistenceUnitInfo.addTransformer:87] - No LoadTimeWeaver setup: ignoring JPA class transformer 
[2024-07-03 23:00:49:2869] [main] INFO  [org.hibernate.engine.transaction.jta.platform.internal.JtaPlatformInitiator.initiateService:59] - HHH000489: No JTA platform available (set 'hibernate.transaction.jta.platform' to enable JTA platform integration) 
[2024-07-03 23:00:49:2911] [main] INFO  [org.springframework.orm.jpa.AbstractEntityManagerFactoryBean.buildNativeEntityManagerFactory:437] - Initialized JPA EntityManagerFactory for persistence unit 'default' 
[2024-07-03 23:00:50:4124] [main] INFO  [org.springframework.cloud.netflix.eureka.config.DiscoveryClientOptionalArgsConfiguration.restTemplateDiscoveryClientOptionalArgs:76] - Eureka HTTP Client uses RestTemplate. 
[2024-07-03 23:00:50:4200] [main] INFO  [org.springframework.cloud.netflix.eureka.InstanceInfoFactory.create:67] - Setting initial instance status as: STARTING 
[2024-07-03 23:00:50:4215] [main] INFO  [com.netflix.discovery.DiscoveryClient.<init>:327] - Initializing Eureka in region us-east-1 
[2024-07-03 23:00:50:4217] [main] INFO  [com.netflix.discovery.shared.resolver.aws.ConfigClusterResolver.getClusterEndpoints:43] - Resolving eureka endpoints via configuration 
[2024-07-03 23:00:50:4226] [main] INFO  [com.netflix.discovery.DiscoveryClient.fetchRegistry:951] - Disable delta property : false 
[2024-07-03 23:00:50:4226] [main] INFO  [com.netflix.discovery.DiscoveryClient.fetchRegistry:952] - Single vip registry refresh property : null 
[2024-07-03 23:00:50:4226] [main] INFO  [com.netflix.discovery.DiscoveryClient.fetchRegistry:953] - Force full registry fetch : false 
[2024-07-03 23:00:50:4226] [main] INFO  [com.netflix.discovery.DiscoveryClient.fetchRegistry:954] - Application is null : false 
[2024-07-03 23:00:50:4226] [main] INFO  [com.netflix.discovery.DiscoveryClient.fetchRegistry:955] - Registered Applications size is zero : true 
[2024-07-03 23:00:50:4226] [main] INFO  [com.netflix.discovery.DiscoveryClient.fetchRegistry:957] - Application version is -1: true 
[2024-07-03 23:00:50:4226] [main] INFO  [com.netflix.discovery.DiscoveryClient.getAndStoreFullRegistry:1041] - Getting all instance registry info from the eureka server 
[2024-07-03 23:00:50:4345] [main] INFO  [com.netflix.discovery.DiscoveryClient.getAndStoreFullRegistry:1050] - The response status is 200 
[2024-07-03 23:00:50:4346] [main] INFO  [com.netflix.discovery.DiscoveryClient.initScheduledTasks:1265] - Starting heartbeat executor: renew interval is: 30 
[2024-07-03 23:00:50:4347] [main] INFO  [com.netflix.discovery.InstanceInfoReplicator.<init>:60] - InstanceInfoReplicator onDemand update allowed rate per min is 4 
[2024-07-03 23:00:50:4348] [main] INFO  [com.netflix.discovery.DiscoveryClient.<init>:447] - Discovery Client initialized at timestamp 1720015250647 with initial instances count: 3 
[2024-07-03 23:00:50:4350] [main] INFO  [org.springframework.cloud.netflix.eureka.serviceregistry.EurekaServiceRegistry.register:70] - Registering application COUPON with eureka with status UP 
[2024-07-03 23:00:50:4350] [main] INFO  [com.netflix.discovery.DiscoveryClient$3.notify:1296] - Saw local status change event StatusChangeEvent [timestamp=1720015250649, current=UP, previous=STARTING] 
[2024-07-03 23:00:50:4350] [DiscoveryClient-InstanceInfoReplicator-0] INFO  [com.netflix.discovery.DiscoveryClient.register:817] - DiscoveryClient_COUPON/10.220.222.38:coupon:8070: registering service... 
[2024-07-03 23:00:50:4352] [main] INFO  [org.springframework.amqp.rabbit.connection.AbstractConnectionFactory.connectAddresses:666] - Attempting to connect to: [133.186.241.167:5672] 
[2024-07-03 23:00:50:4366] [DiscoveryClient-InstanceInfoReplicator-0] INFO  [com.netflix.discovery.DiscoveryClient.register:826] - DiscoveryClient_COUPON/10.220.222.38:coupon:8070 - registration status: 204 
[2024-07-03 23:00:50:4426] [main] INFO  [org.springframework.amqp.rabbit.connection.AbstractConnectionFactory.createBareConnection:608] - Created new connection: rabbitConnectionFactory#490dc900:0/SimpleConnection@19c4c24d [delegate=amqp://admin@133.186.241.167:5672/, localPort=56888] 
[2024-07-03 23:00:50:4651] [main] INFO  [org.springframework.boot.StartupInfoLogger.logStarted:56] - Started CouponApplicationTests in 4.468 seconds (process running for 4.944) 
[2024-07-03 23:00:51:5182] [SpringApplicationShutdownHook] INFO  [org.springframework.cloud.netflix.eureka.serviceregistry.EurekaServiceRegistry.deregister:91] - Unregistering application COUPON with eureka with status DOWN 
[2024-07-03 23:00:51:5182] [SpringApplicationShutdownHook] INFO  [com.netflix.discovery.DiscoveryClient$3.notify:1296] - Saw local status change event StatusChangeEvent [timestamp=1720015251481, current=DOWN, previous=UP] 
[2024-07-03 23:00:51:5182] [DiscoveryClient-InstanceInfoReplicator-0] INFO  [com.netflix.discovery.DiscoveryClient.register:817] - DiscoveryClient_COUPON/10.220.222.38:coupon:8070: registering service... 
[2024-07-03 23:00:51:5186] [DiscoveryClient-InstanceInfoReplicator-0] INFO  [com.netflix.discovery.DiscoveryClient.register:826] - DiscoveryClient_COUPON/10.220.222.38:coupon:8070 - registration status: 204 
[2024-07-03 23:00:51:5194] [org.springframework.amqp.rabbit.RabbitListenerEndpointContainer#0-2] INFO  [org.springframework.amqp.rabbit.listener.SimpleMessageListenerContainer.lambda$shutdownAndWaitOrCallback$2:686] - Waiting for workers to finish. 
[2024-07-03 23:00:51:5202] [org.springframework.amqp.rabbit.RabbitListenerEndpointContainer#1-2] INFO  [org.springframework.amqp.rabbit.listener.SimpleMessageListenerContainer.lambda$shutdownAndWaitOrCallback$2:686] - Waiting for workers to finish. 
[2024-07-03 23:00:51:5600] [org.springframework.amqp.rabbit.RabbitListenerEndpointContainer#0-2] INFO  [org.springframework.amqp.rabbit.listener.SimpleMessageListenerContainer.lambda$shutdownAndWaitOrCallback$2:690] - Successfully waited for workers to finish. 
[2024-07-03 23:00:51:5643] [org.springframework.amqp.rabbit.RabbitListenerEndpointContainer#1-2] INFO  [org.springframework.amqp.rabbit.listener.SimpleMessageListenerContainer.lambda$shutdownAndWaitOrCallback$2:690] - Successfully waited for workers to finish. 
[2024-07-03 23:00:52:5773] [SpringApplicationShutdownHook] INFO  [org.springframework.orm.jpa.AbstractEntityManagerFactoryBean.destroy:650] - Closing JPA EntityManagerFactory for persistence unit 'default' 
[2024-07-03 23:00:52:5777] [SpringApplicationShutdownHook] INFO  [com.netflix.discovery.DiscoveryClient.shutdown:879] - Shutting down DiscoveryClient ... 
[2024-07-03 23:00:55:8788] [SpringApplicationShutdownHook] INFO  [com.netflix.discovery.DiscoveryClient.unregister:915] - Unregistering ... 
[2024-07-03 23:00:55:8802] [SpringApplicationShutdownHook] INFO  [com.netflix.discovery.DiscoveryClient.unregister:917] - DiscoveryClient_COUPON/10.220.222.38:coupon:8070 - deregister  status: 200 
[2024-07-03 23:00:55:8808] [SpringApplicationShutdownHook] INFO  [com.netflix.discovery.DiscoveryClient.shutdown:904] - Completed shut down of DiscoveryClient 
[2024-07-03 23:03:24:342 ] [background-preinit] INFO  [org.hibernate.validator.internal.util.Version.<clinit>:21] - HV000001: Hibernate Validator 8.0.1.Final 
[2024-07-03 23:03:24:354 ] [main] INFO  [org.springframework.boot.StartupInfoLogger.logStarting:50] - Starting CouponApplicationTests using Java 21.0.3 with PID 82241 (started by zei in /Users/zei/workspace/supernova/novabook-back-coupon) 
[2024-07-03 23:03:24:355 ] [main] INFO  [org.springframework.boot.SpringApplication.logStartupProfileInfo:660] - The following 1 profile is active: "dev" 
[2024-07-03 23:03:25:599 ] [main] INFO  [org.springframework.data.repository.config.RepositoryConfigurationDelegate.multipleStoresDetected:295] - Multiple Spring Data modules found, entering strict repository configuration mode 
[2024-07-03 23:03:25:599 ] [main] INFO  [org.springframework.data.repository.config.RepositoryConfigurationDelegate.registerRepositoriesIn:143] - Bootstrapping Spring Data Redis repositories in DEFAULT mode. 
[2024-07-03 23:03:25:605 ] [main] INFO  [org.springframework.data.repository.config.RepositoryConfigurationDelegate.registerRepositoriesIn:211] - Finished Spring Data repository scanning in 1 ms. Found 0 Redis repository interfaces. 
[2024-07-03 23:03:25:715 ] [main] INFO  [org.springframework.data.repository.config.RepositoryConfigurationDelegate.multipleStoresDetected:295] - Multiple Spring Data modules found, entering strict repository configuration mode 
[2024-07-03 23:03:25:716 ] [main] INFO  [org.springframework.data.repository.config.RepositoryConfigurationDelegate.registerRepositoriesIn:143] - Bootstrapping Spring Data JPA repositories in DEFAULT mode. 
[2024-07-03 23:03:25:774 ] [main] INFO  [org.springframework.data.repository.config.RepositoryConfigurationDelegate.registerRepositoriesIn:211] - Finished Spring Data repository scanning in 57 ms. Found 4 JPA repository interfaces. 
[2024-07-03 23:03:25:780 ] [main] INFO  [org.springframework.data.repository.config.RepositoryConfigurationDelegate.multipleStoresDetected:295] - Multiple Spring Data modules found, entering strict repository configuration mode 
[2024-07-03 23:03:25:780 ] [main] INFO  [org.springframework.data.repository.config.RepositoryConfigurationDelegate.registerRepositoriesIn:143] - Bootstrapping Spring Data Redis repositories in DEFAULT mode. 
[2024-07-03 23:03:25:783 ] [main] INFO  [org.springframework.data.repository.config.RepositoryConfigurationExtensionSupport.isStrictRepositoryCandidate:320] - Spring Data Redis - Could not safely identify store assignment for repository candidate interface store.novabook.coupon.coupon.repository.BookCouponTemplateRepository; If you want this repository to be a Redis repository, consider annotating your entities with one of these annotations: org.springframework.data.redis.core.RedisHash (preferred), or consider extending one of the following types with your repository: org.springframework.data.keyvalue.repository.KeyValueRepository 
[2024-07-03 23:03:25:783 ] [main] INFO  [org.springframework.data.repository.config.RepositoryConfigurationExtensionSupport.isStrictRepositoryCandidate:320] - Spring Data Redis - Could not safely identify store assignment for repository candidate interface store.novabook.coupon.coupon.repository.CategoryCouponTemplateRepository; If you want this repository to be a Redis repository, consider annotating your entities with one of these annotations: org.springframework.data.redis.core.RedisHash (preferred), or consider extending one of the following types with your repository: org.springframework.data.keyvalue.repository.KeyValueRepository 
[2024-07-03 23:03:25:783 ] [main] INFO  [org.springframework.data.repository.config.RepositoryConfigurationExtensionSupport.isStrictRepositoryCandidate:320] - Spring Data Redis - Could not safely identify store assignment for repository candidate interface store.novabook.coupon.coupon.repository.CouponRepository; If you want this repository to be a Redis repository, consider annotating your entities with one of these annotations: org.springframework.data.redis.core.RedisHash (preferred), or consider extending one of the following types with your repository: org.springframework.data.keyvalue.repository.KeyValueRepository 
[2024-07-03 23:03:25:783 ] [main] INFO  [org.springframework.data.repository.config.RepositoryConfigurationExtensionSupport.isStrictRepositoryCandidate:320] - Spring Data Redis - Could not safely identify store assignment for repository candidate interface store.novabook.coupon.coupon.repository.CouponTemplateRepository; If you want this repository to be a Redis repository, consider annotating your entities with one of these annotations: org.springframework.data.redis.core.RedisHash (preferred), or consider extending one of the following types with your repository: org.springframework.data.keyvalue.repository.KeyValueRepository 
[2024-07-03 23:03:25:783 ] [main] INFO  [org.springframework.data.repository.config.RepositoryConfigurationDelegate.registerRepositoriesIn:211] - Finished Spring Data repository scanning in 3 ms. Found 0 Redis repository interfaces. 
[2024-07-03 23:03:25:900 ] [main] INFO  [org.springframework.cloud.context.scope.GenericScope.setSerializationId:282] - BeanFactory id=50f2c32e-9eb4-3bf4-8d86-dd63a730cb75 
[2024-07-03 23:03:25:1062] [main] INFO  [org.hibernate.jpa.internal.util.LogHelper.logPersistenceUnitInformation:31] - HHH000204: Processing PersistenceUnitInfo [name: default] 
[2024-07-03 23:03:25:1078] [main] INFO  [org.hibernate.Version.logVersion:44] - HHH000412: Hibernate ORM core version 6.5.2.Final 
[2024-07-03 23:03:25:1089] [main] INFO  [org.hibernate.cache.internal.RegionFactoryInitiator.initiateService:50] - HHH000026: Second-level cache disabled 
[2024-07-03 23:03:25:1193] [main] INFO  [org.springframework.orm.jpa.persistenceunit.SpringPersistenceUnitInfo.addTransformer:87] - No LoadTimeWeaver setup: ignoring JPA class transformer 
[2024-07-03 23:03:27:2972] [main] INFO  [org.hibernate.engine.transaction.jta.platform.internal.JtaPlatformInitiator.initiateService:59] - HHH000489: No JTA platform available (set 'hibernate.transaction.jta.platform' to enable JTA platform integration) 
[2024-07-03 23:03:27:3026] [main] INFO  [org.springframework.orm.jpa.AbstractEntityManagerFactoryBean.buildNativeEntityManagerFactory:437] - Initialized JPA EntityManagerFactory for persistence unit 'default' 
[2024-07-03 23:03:28:4436] [main] INFO  [org.springframework.cloud.netflix.eureka.config.DiscoveryClientOptionalArgsConfiguration.restTemplateDiscoveryClientOptionalArgs:76] - Eureka HTTP Client uses RestTemplate. 
[2024-07-03 23:03:29:4482] [main] INFO  [org.springframework.cloud.netflix.eureka.InstanceInfoFactory.create:67] - Setting initial instance status as: STARTING 
[2024-07-03 23:03:29:4498] [main] INFO  [com.netflix.discovery.DiscoveryClient.<init>:327] - Initializing Eureka in region us-east-1 
[2024-07-03 23:03:29:4501] [main] INFO  [com.netflix.discovery.shared.resolver.aws.ConfigClusterResolver.getClusterEndpoints:43] - Resolving eureka endpoints via configuration 
[2024-07-03 23:03:29:4508] [main] INFO  [com.netflix.discovery.DiscoveryClient.fetchRegistry:951] - Disable delta property : false 
[2024-07-03 23:03:29:4508] [main] INFO  [com.netflix.discovery.DiscoveryClient.fetchRegistry:952] - Single vip registry refresh property : null 
[2024-07-03 23:03:29:4509] [main] INFO  [com.netflix.discovery.DiscoveryClient.fetchRegistry:953] - Force full registry fetch : false 
[2024-07-03 23:03:29:4509] [main] INFO  [com.netflix.discovery.DiscoveryClient.fetchRegistry:954] - Application is null : false 
[2024-07-03 23:03:29:4509] [main] INFO  [com.netflix.discovery.DiscoveryClient.fetchRegistry:955] - Registered Applications size is zero : true 
[2024-07-03 23:03:29:4509] [main] INFO  [com.netflix.discovery.DiscoveryClient.fetchRegistry:957] - Application version is -1: true 
[2024-07-03 23:03:29:4509] [main] INFO  [com.netflix.discovery.DiscoveryClient.getAndStoreFullRegistry:1041] - Getting all instance registry info from the eureka server 
[2024-07-03 23:03:29:4627] [main] INFO  [com.netflix.discovery.DiscoveryClient.getAndStoreFullRegistry:1050] - The response status is 200 
[2024-07-03 23:03:29:4628] [main] INFO  [com.netflix.discovery.DiscoveryClient.initScheduledTasks:1265] - Starting heartbeat executor: renew interval is: 30 
[2024-07-03 23:03:29:4629] [main] INFO  [com.netflix.discovery.InstanceInfoReplicator.<init>:60] - InstanceInfoReplicator onDemand update allowed rate per min is 4 
[2024-07-03 23:03:29:4631] [main] INFO  [com.netflix.discovery.DiscoveryClient.<init>:447] - Discovery Client initialized at timestamp 1720015409152 with initial instances count: 3 
[2024-07-03 23:03:29:4632] [main] INFO  [org.springframework.cloud.netflix.eureka.serviceregistry.EurekaServiceRegistry.register:70] - Registering application COUPON with eureka with status UP 
[2024-07-03 23:03:29:4633] [main] INFO  [com.netflix.discovery.DiscoveryClient$3.notify:1296] - Saw local status change event StatusChangeEvent [timestamp=1720015409154, current=UP, previous=STARTING] 
[2024-07-03 23:03:29:4633] [DiscoveryClient-InstanceInfoReplicator-0] INFO  [com.netflix.discovery.DiscoveryClient.register:817] - DiscoveryClient_COUPON/10.220.222.38:coupon:8070: registering service... 
[2024-07-03 23:03:29:4634] [main] INFO  [org.springframework.amqp.rabbit.connection.AbstractConnectionFactory.connectAddresses:666] - Attempting to connect to: [133.186.241.167:5672] 
[2024-07-03 23:03:29:4650] [DiscoveryClient-InstanceInfoReplicator-0] INFO  [com.netflix.discovery.DiscoveryClient.register:826] - DiscoveryClient_COUPON/10.220.222.38:coupon:8070 - registration status: 204 
[2024-07-03 23:03:29:4702] [main] INFO  [org.springframework.amqp.rabbit.connection.AbstractConnectionFactory.createBareConnection:608] - Created new connection: rabbitConnectionFactory#5146ae5e:0/SimpleConnection@313c7515 [delegate=amqp://admin@133.186.241.167:5672/, localPort=56948] 
[2024-07-03 23:03:29:4902] [main] INFO  [org.springframework.boot.StartupInfoLogger.logStarted:56] - Started CouponApplicationTests in 4.756 seconds (process running for 5.173) 
[2024-07-03 23:03:29:5270] [SpringApplicationShutdownHook] INFO  [org.springframework.cloud.netflix.eureka.serviceregistry.EurekaServiceRegistry.deregister:91] - Unregistering application COUPON with eureka with status DOWN 
[2024-07-03 23:03:29:5270] [SpringApplicationShutdownHook] INFO  [com.netflix.discovery.DiscoveryClient$3.notify:1296] - Saw local status change event StatusChangeEvent [timestamp=1720015409791, current=DOWN, previous=UP] 
[2024-07-03 23:03:29:5270] [DiscoveryClient-InstanceInfoReplicator-0] INFO  [com.netflix.discovery.DiscoveryClient.register:817] - DiscoveryClient_COUPON/10.220.222.38:coupon:8070: registering service... 
[2024-07-03 23:03:29:5275] [DiscoveryClient-InstanceInfoReplicator-0] INFO  [com.netflix.discovery.DiscoveryClient.register:826] - DiscoveryClient_COUPON/10.220.222.38:coupon:8070 - registration status: 204 
[2024-07-03 23:03:29:5281] [org.springframework.amqp.rabbit.RabbitListenerEndpointContainer#0-2] INFO  [org.springframework.amqp.rabbit.listener.SimpleMessageListenerContainer.lambda$shutdownAndWaitOrCallback$2:686] - Waiting for workers to finish. 
[2024-07-03 23:03:29:5289] [org.springframework.amqp.rabbit.RabbitListenerEndpointContainer#1-2] INFO  [org.springframework.amqp.rabbit.listener.SimpleMessageListenerContainer.lambda$shutdownAndWaitOrCallback$2:686] - Waiting for workers to finish. 
[2024-07-03 23:03:30:5861] [org.springframework.amqp.rabbit.RabbitListenerEndpointContainer#0-2] INFO  [org.springframework.amqp.rabbit.listener.SimpleMessageListenerContainer.lambda$shutdownAndWaitOrCallback$2:690] - Successfully waited for workers to finish. 
[2024-07-03 23:03:30:5900] [org.springframework.amqp.rabbit.RabbitListenerEndpointContainer#1-2] INFO  [org.springframework.amqp.rabbit.listener.SimpleMessageListenerContainer.lambda$shutdownAndWaitOrCallback$2:690] - Successfully waited for workers to finish. 
[2024-07-03 23:03:30:6072] [SpringApplicationShutdownHook] INFO  [org.springframework.orm.jpa.AbstractEntityManagerFactoryBean.destroy:650] - Closing JPA EntityManagerFactory for persistence unit 'default' 
[2024-07-03 23:03:30:6094] [SpringApplicationShutdownHook] INFO  [com.netflix.discovery.DiscoveryClient.shutdown:879] - Shutting down DiscoveryClient ... 
[2024-07-03 23:03:33:9115] [SpringApplicationShutdownHook] INFO  [com.netflix.discovery.DiscoveryClient.unregister:915] - Unregistering ... 
[2024-07-03 23:03:33:9143] [SpringApplicationShutdownHook] INFO  [com.netflix.discovery.DiscoveryClient.unregister:917] - DiscoveryClient_COUPON/10.220.222.38:coupon:8070 - deregister  status: 200 
[2024-07-03 23:03:33:9147] [SpringApplicationShutdownHook] INFO  [com.netflix.discovery.DiscoveryClient.shutdown:904] - Completed shut down of DiscoveryClient 
[2024-07-03 23:03:39:349 ] [background-preinit] INFO  [org.hibernate.validator.internal.util.Version.<clinit>:21] - HV000001: Hibernate Validator 8.0.1.Final 
[2024-07-03 23:03:39:359 ] [main] INFO  [org.springframework.boot.StartupInfoLogger.logStarting:50] - Starting CouponApplicationTests using Java 21.0.3 with PID 82335 (started by zei in /Users/zei/workspace/supernova/novabook-back-coupon) 
[2024-07-03 23:03:39:362 ] [main] INFO  [org.springframework.boot.SpringApplication.logStartupProfileInfo:660] - The following 1 profile is active: "dev" 
[2024-07-03 23:03:40:624 ] [main] INFO  [org.springframework.data.repository.config.RepositoryConfigurationDelegate.multipleStoresDetected:295] - Multiple Spring Data modules found, entering strict repository configuration mode 
[2024-07-03 23:03:40:625 ] [main] INFO  [org.springframework.data.repository.config.RepositoryConfigurationDelegate.registerRepositoriesIn:143] - Bootstrapping Spring Data Redis repositories in DEFAULT mode. 
[2024-07-03 23:03:40:632 ] [main] INFO  [org.springframework.data.repository.config.RepositoryConfigurationDelegate.registerRepositoriesIn:211] - Finished Spring Data repository scanning in 1 ms. Found 0 Redis repository interfaces. 
[2024-07-03 23:03:40:748 ] [main] INFO  [org.springframework.data.repository.config.RepositoryConfigurationDelegate.multipleStoresDetected:295] - Multiple Spring Data modules found, entering strict repository configuration mode 
[2024-07-03 23:03:40:748 ] [main] INFO  [org.springframework.data.repository.config.RepositoryConfigurationDelegate.registerRepositoriesIn:143] - Bootstrapping Spring Data JPA repositories in DEFAULT mode. 
[2024-07-03 23:03:40:809 ] [main] INFO  [org.springframework.data.repository.config.RepositoryConfigurationDelegate.registerRepositoriesIn:211] - Finished Spring Data repository scanning in 60 ms. Found 4 JPA repository interfaces. 
[2024-07-03 23:03:40:816 ] [main] INFO  [org.springframework.data.repository.config.RepositoryConfigurationDelegate.multipleStoresDetected:295] - Multiple Spring Data modules found, entering strict repository configuration mode 
[2024-07-03 23:03:40:816 ] [main] INFO  [org.springframework.data.repository.config.RepositoryConfigurationDelegate.registerRepositoriesIn:143] - Bootstrapping Spring Data Redis repositories in DEFAULT mode. 
[2024-07-03 23:03:40:820 ] [main] INFO  [org.springframework.data.repository.config.RepositoryConfigurationExtensionSupport.isStrictRepositoryCandidate:320] - Spring Data Redis - Could not safely identify store assignment for repository candidate interface store.novabook.coupon.coupon.repository.BookCouponTemplateRepository; If you want this repository to be a Redis repository, consider annotating your entities with one of these annotations: org.springframework.data.redis.core.RedisHash (preferred), or consider extending one of the following types with your repository: org.springframework.data.keyvalue.repository.KeyValueRepository 
[2024-07-03 23:03:40:820 ] [main] INFO  [org.springframework.data.repository.config.RepositoryConfigurationExtensionSupport.isStrictRepositoryCandidate:320] - Spring Data Redis - Could not safely identify store assignment for repository candidate interface store.novabook.coupon.coupon.repository.CategoryCouponTemplateRepository; If you want this repository to be a Redis repository, consider annotating your entities with one of these annotations: org.springframework.data.redis.core.RedisHash (preferred), or consider extending one of the following types with your repository: org.springframework.data.keyvalue.repository.KeyValueRepository 
[2024-07-03 23:03:40:820 ] [main] INFO  [org.springframework.data.repository.config.RepositoryConfigurationExtensionSupport.isStrictRepositoryCandidate:320] - Spring Data Redis - Could not safely identify store assignment for repository candidate interface store.novabook.coupon.coupon.repository.CouponRepository; If you want this repository to be a Redis repository, consider annotating your entities with one of these annotations: org.springframework.data.redis.core.RedisHash (preferred), or consider extending one of the following types with your repository: org.springframework.data.keyvalue.repository.KeyValueRepository 
[2024-07-03 23:03:40:820 ] [main] INFO  [org.springframework.data.repository.config.RepositoryConfigurationExtensionSupport.isStrictRepositoryCandidate:320] - Spring Data Redis - Could not safely identify store assignment for repository candidate interface store.novabook.coupon.coupon.repository.CouponTemplateRepository; If you want this repository to be a Redis repository, consider annotating your entities with one of these annotations: org.springframework.data.redis.core.RedisHash (preferred), or consider extending one of the following types with your repository: org.springframework.data.keyvalue.repository.KeyValueRepository 
[2024-07-03 23:03:40:820 ] [main] INFO  [org.springframework.data.repository.config.RepositoryConfigurationDelegate.registerRepositoriesIn:211] - Finished Spring Data repository scanning in 3 ms. Found 0 Redis repository interfaces. 
[2024-07-03 23:03:40:938 ] [main] INFO  [org.springframework.cloud.context.scope.GenericScope.setSerializationId:282] - BeanFactory id=50f2c32e-9eb4-3bf4-8d86-dd63a730cb75 
[2024-07-03 23:03:40:1118] [main] INFO  [org.hibernate.jpa.internal.util.LogHelper.logPersistenceUnitInformation:31] - HHH000204: Processing PersistenceUnitInfo [name: default] 
[2024-07-03 23:03:40:1135] [main] INFO  [org.hibernate.Version.logVersion:44] - HHH000412: Hibernate ORM core version 6.5.2.Final 
[2024-07-03 23:03:40:1146] [main] INFO  [org.hibernate.cache.internal.RegionFactoryInitiator.initiateService:50] - HHH000026: Second-level cache disabled 
[2024-07-03 23:03:40:1245] [main] INFO  [org.springframework.orm.jpa.persistenceunit.SpringPersistenceUnitInfo.addTransformer:87] - No LoadTimeWeaver setup: ignoring JPA class transformer 
[2024-07-03 23:03:42:2686] [main] INFO  [org.hibernate.engine.transaction.jta.platform.internal.JtaPlatformInitiator.initiateService:59] - HHH000489: No JTA platform available (set 'hibernate.transaction.jta.platform' to enable JTA platform integration) 
[2024-07-03 23:03:42:2728] [main] INFO  [org.springframework.orm.jpa.AbstractEntityManagerFactoryBean.buildNativeEntityManagerFactory:437] - Initialized JPA EntityManagerFactory for persistence unit 'default' 
[2024-07-03 23:03:43:4049] [main] INFO  [org.springframework.cloud.netflix.eureka.config.DiscoveryClientOptionalArgsConfiguration.restTemplateDiscoveryClientOptionalArgs:76] - Eureka HTTP Client uses RestTemplate. 
[2024-07-03 23:03:43:4097] [main] INFO  [org.springframework.cloud.netflix.eureka.InstanceInfoFactory.create:67] - Setting initial instance status as: STARTING 
[2024-07-03 23:03:43:4115] [main] INFO  [com.netflix.discovery.DiscoveryClient.<init>:327] - Initializing Eureka in region us-east-1 
[2024-07-03 23:03:43:4117] [main] INFO  [com.netflix.discovery.shared.resolver.aws.ConfigClusterResolver.getClusterEndpoints:43] - Resolving eureka endpoints via configuration 
[2024-07-03 23:03:43:4126] [main] INFO  [com.netflix.discovery.DiscoveryClient.fetchRegistry:951] - Disable delta property : false 
[2024-07-03 23:03:43:4126] [main] INFO  [com.netflix.discovery.DiscoveryClient.fetchRegistry:952] - Single vip registry refresh property : null 
[2024-07-03 23:03:43:4126] [main] INFO  [com.netflix.discovery.DiscoveryClient.fetchRegistry:953] - Force full registry fetch : false 
[2024-07-03 23:03:43:4126] [main] INFO  [com.netflix.discovery.DiscoveryClient.fetchRegistry:954] - Application is null : false 
[2024-07-03 23:03:43:4126] [main] INFO  [com.netflix.discovery.DiscoveryClient.fetchRegistry:955] - Registered Applications size is zero : true 
[2024-07-03 23:03:43:4126] [main] INFO  [com.netflix.discovery.DiscoveryClient.fetchRegistry:957] - Application version is -1: true 
[2024-07-03 23:03:43:4126] [main] INFO  [com.netflix.discovery.DiscoveryClient.getAndStoreFullRegistry:1041] - Getting all instance registry info from the eureka server 
[2024-07-03 23:03:43:4245] [main] INFO  [com.netflix.discovery.DiscoveryClient.getAndStoreFullRegistry:1050] - The response status is 200 
[2024-07-03 23:03:43:4247] [main] INFO  [com.netflix.discovery.DiscoveryClient.initScheduledTasks:1265] - Starting heartbeat executor: renew interval is: 30 
[2024-07-03 23:03:43:4248] [main] INFO  [com.netflix.discovery.InstanceInfoReplicator.<init>:60] - InstanceInfoReplicator onDemand update allowed rate per min is 4 
[2024-07-03 23:03:43:4250] [main] INFO  [com.netflix.discovery.DiscoveryClient.<init>:447] - Discovery Client initialized at timestamp 1720015423636 with initial instances count: 3 
[2024-07-03 23:03:43:4251] [main] INFO  [org.springframework.cloud.netflix.eureka.serviceregistry.EurekaServiceRegistry.register:70] - Registering application COUPON with eureka with status UP 
[2024-07-03 23:03:43:4251] [main] INFO  [com.netflix.discovery.DiscoveryClient$3.notify:1296] - Saw local status change event StatusChangeEvent [timestamp=1720015423638, current=UP, previous=STARTING] 
[2024-07-03 23:03:43:4252] [DiscoveryClient-InstanceInfoReplicator-0] INFO  [com.netflix.discovery.DiscoveryClient.register:817] - DiscoveryClient_COUPON/10.220.222.38:coupon:8070: registering service... 
[2024-07-03 23:03:43:4253] [main] INFO  [org.springframework.amqp.rabbit.connection.AbstractConnectionFactory.connectAddresses:666] - Attempting to connect to: [133.186.241.167:5672] 
[2024-07-03 23:03:43:4271] [DiscoveryClient-InstanceInfoReplicator-0] INFO  [com.netflix.discovery.DiscoveryClient.register:826] - DiscoveryClient_COUPON/10.220.222.38:coupon:8070 - registration status: 204 
[2024-07-03 23:03:43:4325] [main] INFO  [org.springframework.amqp.rabbit.connection.AbstractConnectionFactory.createBareConnection:608] - Created new connection: rabbitConnectionFactory#39e75e88:0/SimpleConnection@6cacab23 [delegate=amqp://admin@133.186.241.167:5672/, localPort=56965] 
[2024-07-03 23:03:43:4534] [main] INFO  [org.springframework.boot.StartupInfoLogger.logStarted:56] - Started CouponApplicationTests in 4.385 seconds (process running for 4.781) 
[2024-07-03 23:03:44:4892] [SpringApplicationShutdownHook] INFO  [org.springframework.cloud.netflix.eureka.serviceregistry.EurekaServiceRegistry.deregister:91] - Unregistering application COUPON with eureka with status DOWN 
[2024-07-03 23:03:44:4892] [SpringApplicationShutdownHook] INFO  [com.netflix.discovery.DiscoveryClient$3.notify:1296] - Saw local status change event StatusChangeEvent [timestamp=1720015424279, current=DOWN, previous=UP] 
[2024-07-03 23:03:44:4892] [DiscoveryClient-InstanceInfoReplicator-0] INFO  [com.netflix.discovery.DiscoveryClient.register:817] - DiscoveryClient_COUPON/10.220.222.38:coupon:8070: registering service... 
[2024-07-03 23:03:44:4894] [DiscoveryClient-InstanceInfoReplicator-0] INFO  [com.netflix.discovery.DiscoveryClient.register:826] - DiscoveryClient_COUPON/10.220.222.38:coupon:8070 - registration status: 204 
[2024-07-03 23:03:44:4902] [org.springframework.amqp.rabbit.RabbitListenerEndpointContainer#0-2] INFO  [org.springframework.amqp.rabbit.listener.SimpleMessageListenerContainer.lambda$shutdownAndWaitOrCallback$2:686] - Waiting for workers to finish. 
[2024-07-03 23:03:44:4911] [org.springframework.amqp.rabbit.RabbitListenerEndpointContainer#1-2] INFO  [org.springframework.amqp.rabbit.listener.SimpleMessageListenerContainer.lambda$shutdownAndWaitOrCallback$2:686] - Waiting for workers to finish. 
[2024-07-03 23:03:44:5485] [org.springframework.amqp.rabbit.RabbitListenerEndpointContainer#0-2] INFO  [org.springframework.amqp.rabbit.listener.SimpleMessageListenerContainer.lambda$shutdownAndWaitOrCallback$2:690] - Successfully waited for workers to finish. 
[2024-07-03 23:03:44:5531] [org.springframework.amqp.rabbit.RabbitListenerEndpointContainer#1-2] INFO  [org.springframework.amqp.rabbit.listener.SimpleMessageListenerContainer.lambda$shutdownAndWaitOrCallback$2:690] - Successfully waited for workers to finish. 
[2024-07-03 23:03:45:5659] [SpringApplicationShutdownHook] INFO  [org.springframework.orm.jpa.AbstractEntityManagerFactoryBean.destroy:650] - Closing JPA EntityManagerFactory for persistence unit 'default' 
[2024-07-03 23:03:45:5662] [SpringApplicationShutdownHook] INFO  [com.netflix.discovery.DiscoveryClient.shutdown:879] - Shutting down DiscoveryClient ... 
[2024-07-03 23:03:48:8675] [SpringApplicationShutdownHook] INFO  [com.netflix.discovery.DiscoveryClient.unregister:915] - Unregistering ... 
[2024-07-03 23:03:48:8722] [SpringApplicationShutdownHook] INFO  [com.netflix.discovery.DiscoveryClient.unregister:917] - DiscoveryClient_COUPON/10.220.222.38:coupon:8070 - deregister  status: 200 
[2024-07-03 23:03:48:8725] [SpringApplicationShutdownHook] INFO  [com.netflix.discovery.DiscoveryClient.shutdown:904] - Completed shut down of DiscoveryClient 
[2024-07-03 23:07:57:315 ] [background-preinit] INFO  [org.hibernate.validator.internal.util.Version.<clinit>:21] - HV000001: Hibernate Validator 8.0.1.Final 
[2024-07-03 23:07:57:329 ] [main] INFO  [org.springframework.boot.StartupInfoLogger.logStarting:50] - Starting CouponApplication using Java 21.0.3 with PID 83164 (/Users/zei/workspace/supernova/novabook-back-coupon/target/classes started by zei in /Users/zei/workspace/supernova/novabook-back-coupon) 
[2024-07-03 23:07:57:329 ] [main] INFO  [org.springframework.boot.SpringApplication.logStartupProfileInfo:660] - The following 1 profile is active: "dev" 
[2024-07-03 23:07:57:581 ] [main] INFO  [org.springframework.data.repository.config.RepositoryConfigurationDelegate.multipleStoresDetected:295] - Multiple Spring Data modules found, entering strict repository configuration mode 
[2024-07-03 23:07:57:582 ] [main] INFO  [org.springframework.data.repository.config.RepositoryConfigurationDelegate.registerRepositoriesIn:143] - Bootstrapping Spring Data Redis repositories in DEFAULT mode. 
[2024-07-03 23:07:57:588 ] [main] INFO  [org.springframework.data.repository.config.RepositoryConfigurationDelegate.registerRepositoriesIn:211] - Finished Spring Data repository scanning in 1 ms. Found 0 Redis repository interfaces. 
[2024-07-03 23:07:57:685 ] [main] INFO  [org.springframework.data.repository.config.RepositoryConfigurationDelegate.multipleStoresDetected:295] - Multiple Spring Data modules found, entering strict repository configuration mode 
[2024-07-03 23:07:57:685 ] [main] INFO  [org.springframework.data.repository.config.RepositoryConfigurationDelegate.registerRepositoriesIn:143] - Bootstrapping Spring Data JPA repositories in DEFAULT mode. 
[2024-07-03 23:07:57:743 ] [main] INFO  [org.springframework.data.repository.config.RepositoryConfigurationDelegate.registerRepositoriesIn:211] - Finished Spring Data repository scanning in 57 ms. Found 4 JPA repository interfaces. 
[2024-07-03 23:07:57:746 ] [main] INFO  [org.springframework.data.repository.config.RepositoryConfigurationDelegate.multipleStoresDetected:295] - Multiple Spring Data modules found, entering strict repository configuration mode 
[2024-07-03 23:07:57:746 ] [main] INFO  [org.springframework.data.repository.config.RepositoryConfigurationDelegate.registerRepositoriesIn:143] - Bootstrapping Spring Data Redis repositories in DEFAULT mode. 
[2024-07-03 23:07:57:749 ] [main] INFO  [org.springframework.data.repository.config.RepositoryConfigurationExtensionSupport.isStrictRepositoryCandidate:320] - Spring Data Redis - Could not safely identify store assignment for repository candidate interface store.novabook.coupon.coupon.repository.BookCouponTemplateRepository; If you want this repository to be a Redis repository, consider annotating your entities with one of these annotations: org.springframework.data.redis.core.RedisHash (preferred), or consider extending one of the following types with your repository: org.springframework.data.keyvalue.repository.KeyValueRepository 
[2024-07-03 23:07:57:749 ] [main] INFO  [org.springframework.data.repository.config.RepositoryConfigurationExtensionSupport.isStrictRepositoryCandidate:320] - Spring Data Redis - Could not safely identify store assignment for repository candidate interface store.novabook.coupon.coupon.repository.CategoryCouponTemplateRepository; If you want this repository to be a Redis repository, consider annotating your entities with one of these annotations: org.springframework.data.redis.core.RedisHash (preferred), or consider extending one of the following types with your repository: org.springframework.data.keyvalue.repository.KeyValueRepository 
[2024-07-03 23:07:57:749 ] [main] INFO  [org.springframework.data.repository.config.RepositoryConfigurationExtensionSupport.isStrictRepositoryCandidate:320] - Spring Data Redis - Could not safely identify store assignment for repository candidate interface store.novabook.coupon.coupon.repository.CouponRepository; If you want this repository to be a Redis repository, consider annotating your entities with one of these annotations: org.springframework.data.redis.core.RedisHash (preferred), or consider extending one of the following types with your repository: org.springframework.data.keyvalue.repository.KeyValueRepository 
[2024-07-03 23:07:57:749 ] [main] INFO  [org.springframework.data.repository.config.RepositoryConfigurationExtensionSupport.isStrictRepositoryCandidate:320] - Spring Data Redis - Could not safely identify store assignment for repository candidate interface store.novabook.coupon.coupon.repository.CouponTemplateRepository; If you want this repository to be a Redis repository, consider annotating your entities with one of these annotations: org.springframework.data.redis.core.RedisHash (preferred), or consider extending one of the following types with your repository: org.springframework.data.keyvalue.repository.KeyValueRepository 
[2024-07-03 23:07:57:749 ] [main] INFO  [org.springframework.data.repository.config.RepositoryConfigurationDelegate.registerRepositoriesIn:211] - Finished Spring Data repository scanning in 2 ms. Found 0 Redis repository interfaces. 
[2024-07-03 23:07:57:857 ] [main] INFO  [org.springframework.cloud.context.scope.GenericScope.setSerializationId:282] - BeanFactory id=fd7757b2-8c91-3ebc-bc31-181ecde0881b 
[2024-07-03 23:07:58:1024] [main] INFO  [org.springframework.boot.web.embedded.tomcat.TomcatWebServer.initialize:111] - Tomcat initialized with port 8070 (http) 
[2024-07-03 23:07:58:1027] [main] INFO  [org.apache.juli.logging.DirectJDKLog.log:173] - Initializing ProtocolHandler ["http-nio-8070"] 
[2024-07-03 23:07:58:1028] [main] INFO  [org.apache.juli.logging.DirectJDKLog.log:173] - Starting service [Tomcat] 
[2024-07-03 23:07:58:1028] [main] INFO  [org.apache.juli.logging.DirectJDKLog.log:173] - Starting Servlet engine: [Apache Tomcat/10.1.24] 
[2024-07-03 23:07:58:1050] [main] INFO  [org.apache.juli.logging.DirectJDKLog.log:173] - Initializing Spring embedded WebApplicationContext 
[2024-07-03 23:07:58:1050] [main] INFO  [org.springframework.boot.web.servlet.context.ServletWebServerApplicationContext.prepareWebApplicationContext:296] - Root WebApplicationContext: initialization completed in 706 ms 
[2024-07-03 23:07:58:1115] [main] INFO  [org.hibernate.jpa.internal.util.LogHelper.logPersistenceUnitInformation:31] - HHH000204: Processing PersistenceUnitInfo [name: default] 
[2024-07-03 23:07:58:1131] [main] INFO  [org.hibernate.Version.logVersion:44] - HHH000412: Hibernate ORM core version 6.5.2.Final 
[2024-07-03 23:07:58:1141] [main] INFO  [org.hibernate.cache.internal.RegionFactoryInitiator.initiateService:50] - HHH000026: Second-level cache disabled 
[2024-07-03 23:07:58:1227] [main] INFO  [org.springframework.orm.jpa.persistenceunit.SpringPersistenceUnitInfo.addTransformer:87] - No LoadTimeWeaver setup: ignoring JPA class transformer 
[2024-07-03 23:07:59:2580] [main] INFO  [org.hibernate.engine.transaction.jta.platform.internal.JtaPlatformInitiator.initiateService:59] - HHH000489: No JTA platform available (set 'hibernate.transaction.jta.platform' to enable JTA platform integration) 
[2024-07-03 23:07:59:2622] [main] INFO  [org.springframework.orm.jpa.AbstractEntityManagerFactoryBean.buildNativeEntityManagerFactory:437] - Initialized JPA EntityManagerFactory for persistence unit 'default' 
[2024-07-03 23:08:00:3444] [main] INFO  [org.springframework.cloud.netflix.eureka.config.DiscoveryClientOptionalArgsConfiguration.restTemplateDiscoveryClientOptionalArgs:76] - Eureka HTTP Client uses RestTemplate. 
[2024-07-03 23:08:00:3501] [main] INFO  [org.springframework.cloud.netflix.eureka.InstanceInfoFactory.create:67] - Setting initial instance status as: STARTING 
[2024-07-03 23:08:00:3514] [main] INFO  [com.netflix.discovery.DiscoveryClient.<init>:327] - Initializing Eureka in region us-east-1 
[2024-07-03 23:08:00:3515] [main] INFO  [com.netflix.discovery.shared.resolver.aws.ConfigClusterResolver.getClusterEndpoints:43] - Resolving eureka endpoints via configuration 
[2024-07-03 23:08:00:3523] [main] INFO  [com.netflix.discovery.DiscoveryClient.fetchRegistry:951] - Disable delta property : false 
[2024-07-03 23:08:00:3523] [main] INFO  [com.netflix.discovery.DiscoveryClient.fetchRegistry:952] - Single vip registry refresh property : null 
[2024-07-03 23:08:00:3523] [main] INFO  [com.netflix.discovery.DiscoveryClient.fetchRegistry:953] - Force full registry fetch : false 
[2024-07-03 23:08:00:3523] [main] INFO  [com.netflix.discovery.DiscoveryClient.fetchRegistry:954] - Application is null : false 
[2024-07-03 23:08:00:3523] [main] INFO  [com.netflix.discovery.DiscoveryClient.fetchRegistry:955] - Registered Applications size is zero : true 
[2024-07-03 23:08:00:3523] [main] INFO  [com.netflix.discovery.DiscoveryClient.fetchRegistry:957] - Application version is -1: true 
[2024-07-03 23:08:00:3523] [main] INFO  [com.netflix.discovery.DiscoveryClient.getAndStoreFullRegistry:1041] - Getting all instance registry info from the eureka server 
[2024-07-03 23:08:00:3647] [main] INFO  [com.netflix.discovery.DiscoveryClient.getAndStoreFullRegistry:1050] - The response status is 200 
[2024-07-03 23:08:00:3648] [main] INFO  [com.netflix.discovery.DiscoveryClient.initScheduledTasks:1265] - Starting heartbeat executor: renew interval is: 30 
[2024-07-03 23:08:00:3649] [main] INFO  [com.netflix.discovery.InstanceInfoReplicator.<init>:60] - InstanceInfoReplicator onDemand update allowed rate per min is 4 
[2024-07-03 23:08:00:3651] [main] INFO  [com.netflix.discovery.DiscoveryClient.<init>:447] - Discovery Client initialized at timestamp 1720015680765 with initial instances count: 3 
[2024-07-03 23:08:00:3653] [main] INFO  [org.springframework.cloud.netflix.eureka.serviceregistry.EurekaServiceRegistry.register:70] - Registering application COUPON with eureka with status UP 
[2024-07-03 23:08:00:3653] [main] INFO  [com.netflix.discovery.DiscoveryClient$3.notify:1296] - Saw local status change event StatusChangeEvent [timestamp=1720015680767, current=UP, previous=STARTING] 
[2024-07-03 23:08:00:3653] [main] INFO  [org.apache.juli.logging.DirectJDKLog.log:173] - Starting ProtocolHandler ["http-nio-8070"] 
[2024-07-03 23:08:00:3653] [DiscoveryClient-InstanceInfoReplicator-0] INFO  [com.netflix.discovery.DiscoveryClient.register:817] - DiscoveryClient_COUPON/10.220.222.38:coupon:8070: registering service... 
[2024-07-03 23:08:00:3661] [main] INFO  [org.springframework.boot.web.embedded.tomcat.TomcatWebServer.start:243] - Tomcat started on port 8070 (http) with context path '/' 
[2024-07-03 23:08:00:3662] [main] INFO  [org.springframework.cloud.netflix.eureka.serviceregistry.EurekaAutoServiceRegistration.onApplicationEvent:150] - Updating port to 8070 
[2024-07-03 23:08:00:3664] [main] INFO  [org.springframework.amqp.rabbit.connection.AbstractConnectionFactory.connectAddresses:666] - Attempting to connect to: [133.186.241.167:5672] 
[2024-07-03 23:08:00:3669] [DiscoveryClient-InstanceInfoReplicator-0] INFO  [com.netflix.discovery.DiscoveryClient.register:826] - DiscoveryClient_COUPON/10.220.222.38:coupon:8070 - registration status: 204 
[2024-07-03 23:08:00:3738] [main] INFO  [org.springframework.amqp.rabbit.connection.AbstractConnectionFactory.createBareConnection:608] - Created new connection: rabbitConnectionFactory#7dee7914:0/SimpleConnection@5011753d [delegate=amqp://admin@133.186.241.167:5672/, localPort=57004] 
[2024-07-03 23:08:01:3955] [main] INFO  [org.springframework.boot.StartupInfoLogger.logStarted:56] - Started CouponApplication in 3.896 seconds (process running for 4.196) 
[2024-07-03 23:08:05:7930] [SpringApplicationShutdownHook] INFO  [org.springframework.cloud.netflix.eureka.serviceregistry.EurekaServiceRegistry.deregister:91] - Unregistering application COUPON with eureka with status DOWN 
[2024-07-03 23:08:05:7930] [SpringApplicationShutdownHook] INFO  [com.netflix.discovery.DiscoveryClient$3.notify:1296] - Saw local status change event StatusChangeEvent [timestamp=1720015685044, current=DOWN, previous=UP] 
[2024-07-03 23:08:05:7930] [DiscoveryClient-InstanceInfoReplicator-0] INFO  [com.netflix.discovery.DiscoveryClient.register:817] - DiscoveryClient_COUPON/10.220.222.38:coupon:8070: registering service... 
[2024-07-03 23:08:05:7934] [DiscoveryClient-InstanceInfoReplicator-0] INFO  [com.netflix.discovery.DiscoveryClient.register:826] - DiscoveryClient_COUPON/10.220.222.38:coupon:8070 - registration status: 204 
[2024-07-03 23:08:05:7942] [org.springframework.amqp.rabbit.RabbitListenerEndpointContainer#0-2] INFO  [org.springframework.amqp.rabbit.listener.SimpleMessageListenerContainer.lambda$shutdownAndWaitOrCallback$2:686] - Waiting for workers to finish. 
[2024-07-03 23:08:05:7950] [org.springframework.amqp.rabbit.RabbitListenerEndpointContainer#1-2] INFO  [org.springframework.amqp.rabbit.listener.SimpleMessageListenerContainer.lambda$shutdownAndWaitOrCallback$2:686] - Waiting for workers to finish. 
[2024-07-03 23:08:05:7964] [org.springframework.amqp.rabbit.RabbitListenerEndpointContainer#1-2] INFO  [org.springframework.amqp.rabbit.listener.SimpleMessageListenerContainer.lambda$shutdownAndWaitOrCallback$2:690] - Successfully waited for workers to finish. 
[2024-07-03 23:08:06:8924] [org.springframework.amqp.rabbit.RabbitListenerEndpointContainer#0-2] INFO  [org.springframework.amqp.rabbit.listener.SimpleMessageListenerContainer.lambda$shutdownAndWaitOrCallback$2:690] - Successfully waited for workers to finish. 
[2024-07-03 23:08:06:9068] [SpringApplicationShutdownHook] INFO  [org.springframework.orm.jpa.AbstractEntityManagerFactoryBean.destroy:650] - Closing JPA EntityManagerFactory for persistence unit 'default' 
[2024-07-03 23:08:06:9074] [SpringApplicationShutdownHook] INFO  [com.netflix.discovery.DiscoveryClient.shutdown:879] - Shutting down DiscoveryClient ... 
[2024-07-03 23:08:09:12083] [SpringApplicationShutdownHook] INFO  [com.netflix.discovery.DiscoveryClient.unregister:915] - Unregistering ... 
[2024-07-03 23:08:09:12100] [SpringApplicationShutdownHook] INFO  [com.netflix.discovery.DiscoveryClient.unregister:917] - DiscoveryClient_COUPON/10.220.222.38:coupon:8070 - deregister  status: 200 
[2024-07-03 23:08:09:12105] [SpringApplicationShutdownHook] INFO  [com.netflix.discovery.DiscoveryClient.shutdown:904] - Completed shut down of DiscoveryClient 
[2024-07-03 23:16:02:297 ] [background-preinit] INFO  [org.hibernate.validator.internal.util.Version.<clinit>:21] - HV000001: Hibernate Validator 8.0.1.Final 
[2024-07-03 23:16:02:312 ] [main] INFO  [org.springframework.boot.StartupInfoLogger.logStarting:50] - Starting CouponApplication using Java 21.0.3 with PID 84746 (/Users/zei/workspace/supernova/novabook-back-coupon/target/classes started by zei in /Users/zei/workspace/supernova/novabook-back-coupon) 
[2024-07-03 23:16:02:313 ] [main] INFO  [org.springframework.boot.SpringApplication.logStartupProfileInfo:660] - The following 1 profile is active: "dev" 
[2024-07-03 23:16:02:557 ] [main] INFO  [org.springframework.data.repository.config.RepositoryConfigurationDelegate.multipleStoresDetected:295] - Multiple Spring Data modules found, entering strict repository configuration mode 
[2024-07-03 23:16:02:557 ] [main] INFO  [org.springframework.data.repository.config.RepositoryConfigurationDelegate.registerRepositoriesIn:143] - Bootstrapping Spring Data Redis repositories in DEFAULT mode. 
[2024-07-03 23:16:02:564 ] [main] INFO  [org.springframework.data.repository.config.RepositoryConfigurationDelegate.registerRepositoriesIn:211] - Finished Spring Data repository scanning in 1 ms. Found 0 Redis repository interfaces. 
[2024-07-03 23:16:02:664 ] [main] INFO  [org.springframework.data.repository.config.RepositoryConfigurationDelegate.multipleStoresDetected:295] - Multiple Spring Data modules found, entering strict repository configuration mode 
[2024-07-03 23:16:02:665 ] [main] INFO  [org.springframework.data.repository.config.RepositoryConfigurationDelegate.registerRepositoriesIn:143] - Bootstrapping Spring Data JPA repositories in DEFAULT mode. 
[2024-07-03 23:16:02:723 ] [main] INFO  [org.springframework.data.repository.config.RepositoryConfigurationDelegate.registerRepositoriesIn:211] - Finished Spring Data repository scanning in 57 ms. Found 4 JPA repository interfaces. 
[2024-07-03 23:16:02:727 ] [main] INFO  [org.springframework.data.repository.config.RepositoryConfigurationDelegate.multipleStoresDetected:295] - Multiple Spring Data modules found, entering strict repository configuration mode 
[2024-07-03 23:16:02:727 ] [main] INFO  [org.springframework.data.repository.config.RepositoryConfigurationDelegate.registerRepositoriesIn:143] - Bootstrapping Spring Data Redis repositories in DEFAULT mode. 
[2024-07-03 23:16:02:729 ] [main] INFO  [org.springframework.data.repository.config.RepositoryConfigurationExtensionSupport.isStrictRepositoryCandidate:320] - Spring Data Redis - Could not safely identify store assignment for repository candidate interface store.novabook.coupon.coupon.repository.BookCouponTemplateRepository; If you want this repository to be a Redis repository, consider annotating your entities with one of these annotations: org.springframework.data.redis.core.RedisHash (preferred), or consider extending one of the following types with your repository: org.springframework.data.keyvalue.repository.KeyValueRepository 
[2024-07-03 23:16:02:729 ] [main] INFO  [org.springframework.data.repository.config.RepositoryConfigurationExtensionSupport.isStrictRepositoryCandidate:320] - Spring Data Redis - Could not safely identify store assignment for repository candidate interface store.novabook.coupon.coupon.repository.CategoryCouponTemplateRepository; If you want this repository to be a Redis repository, consider annotating your entities with one of these annotations: org.springframework.data.redis.core.RedisHash (preferred), or consider extending one of the following types with your repository: org.springframework.data.keyvalue.repository.KeyValueRepository 
[2024-07-03 23:16:02:729 ] [main] INFO  [org.springframework.data.repository.config.RepositoryConfigurationExtensionSupport.isStrictRepositoryCandidate:320] - Spring Data Redis - Could not safely identify store assignment for repository candidate interface store.novabook.coupon.coupon.repository.CouponRepository; If you want this repository to be a Redis repository, consider annotating your entities with one of these annotations: org.springframework.data.redis.core.RedisHash (preferred), or consider extending one of the following types with your repository: org.springframework.data.keyvalue.repository.KeyValueRepository 
[2024-07-03 23:16:02:729 ] [main] INFO  [org.springframework.data.repository.config.RepositoryConfigurationExtensionSupport.isStrictRepositoryCandidate:320] - Spring Data Redis - Could not safely identify store assignment for repository candidate interface store.novabook.coupon.coupon.repository.CouponTemplateRepository; If you want this repository to be a Redis repository, consider annotating your entities with one of these annotations: org.springframework.data.redis.core.RedisHash (preferred), or consider extending one of the following types with your repository: org.springframework.data.keyvalue.repository.KeyValueRepository 
[2024-07-03 23:16:02:730 ] [main] INFO  [org.springframework.data.repository.config.RepositoryConfigurationDelegate.registerRepositoriesIn:211] - Finished Spring Data repository scanning in 2 ms. Found 0 Redis repository interfaces. 
[2024-07-03 23:16:02:840 ] [main] INFO  [org.springframework.cloud.context.scope.GenericScope.setSerializationId:282] - BeanFactory id=fd7757b2-8c91-3ebc-bc31-181ecde0881b 
[2024-07-03 23:16:02:1014] [main] INFO  [org.springframework.boot.web.embedded.tomcat.TomcatWebServer.initialize:111] - Tomcat initialized with port 8070 (http) 
[2024-07-03 23:16:02:1017] [main] INFO  [org.apache.juli.logging.DirectJDKLog.log:173] - Initializing ProtocolHandler ["http-nio-8070"] 
[2024-07-03 23:16:02:1018] [main] INFO  [org.apache.juli.logging.DirectJDKLog.log:173] - Starting service [Tomcat] 
[2024-07-03 23:16:02:1018] [main] INFO  [org.apache.juli.logging.DirectJDKLog.log:173] - Starting Servlet engine: [Apache Tomcat/10.1.24] 
[2024-07-03 23:16:02:1040] [main] INFO  [org.apache.juli.logging.DirectJDKLog.log:173] - Initializing Spring embedded WebApplicationContext 
[2024-07-03 23:16:02:1040] [main] INFO  [org.springframework.boot.web.servlet.context.ServletWebServerApplicationContext.prepareWebApplicationContext:296] - Root WebApplicationContext: initialization completed in 714 ms 
[2024-07-03 23:16:03:1099] [main] INFO  [org.hibernate.jpa.internal.util.LogHelper.logPersistenceUnitInformation:31] - HHH000204: Processing PersistenceUnitInfo [name: default] 
[2024-07-03 23:16:03:1115] [main] INFO  [org.hibernate.Version.logVersion:44] - HHH000412: Hibernate ORM core version 6.5.2.Final 
[2024-07-03 23:16:03:1125] [main] INFO  [org.hibernate.cache.internal.RegionFactoryInitiator.initiateService:50] - HHH000026: Second-level cache disabled 
[2024-07-03 23:16:03:1216] [main] INFO  [org.springframework.orm.jpa.persistenceunit.SpringPersistenceUnitInfo.addTransformer:87] - No LoadTimeWeaver setup: ignoring JPA class transformer 
[2024-07-03 23:16:04:2612] [main] INFO  [org.hibernate.engine.transaction.jta.platform.internal.JtaPlatformInitiator.initiateService:59] - HHH000489: No JTA platform available (set 'hibernate.transaction.jta.platform' to enable JTA platform integration) 
[2024-07-03 23:16:04:2655] [main] INFO  [org.springframework.orm.jpa.AbstractEntityManagerFactoryBean.buildNativeEntityManagerFactory:437] - Initialized JPA EntityManagerFactory for persistence unit 'default' 
[2024-07-03 23:16:05:3467] [main] INFO  [org.springframework.cloud.netflix.eureka.config.DiscoveryClientOptionalArgsConfiguration.restTemplateDiscoveryClientOptionalArgs:76] - Eureka HTTP Client uses RestTemplate. 
[2024-07-03 23:16:05:3528] [main] INFO  [org.springframework.cloud.netflix.eureka.InstanceInfoFactory.create:67] - Setting initial instance status as: STARTING 
[2024-07-03 23:16:05:3541] [main] INFO  [com.netflix.discovery.DiscoveryClient.<init>:327] - Initializing Eureka in region us-east-1 
[2024-07-03 23:16:05:3544] [main] INFO  [com.netflix.discovery.shared.resolver.aws.ConfigClusterResolver.getClusterEndpoints:43] - Resolving eureka endpoints via configuration 
[2024-07-03 23:16:05:3552] [main] INFO  [com.netflix.discovery.DiscoveryClient.fetchRegistry:951] - Disable delta property : false 
[2024-07-03 23:16:05:3552] [main] INFO  [com.netflix.discovery.DiscoveryClient.fetchRegistry:952] - Single vip registry refresh property : null 
[2024-07-03 23:16:05:3552] [main] INFO  [com.netflix.discovery.DiscoveryClient.fetchRegistry:953] - Force full registry fetch : false 
[2024-07-03 23:16:05:3552] [main] INFO  [com.netflix.discovery.DiscoveryClient.fetchRegistry:954] - Application is null : false 
[2024-07-03 23:16:05:3552] [main] INFO  [com.netflix.discovery.DiscoveryClient.fetchRegistry:955] - Registered Applications size is zero : true 
[2024-07-03 23:16:05:3552] [main] INFO  [com.netflix.discovery.DiscoveryClient.fetchRegistry:957] - Application version is -1: true 
[2024-07-03 23:16:05:3552] [main] INFO  [com.netflix.discovery.DiscoveryClient.getAndStoreFullRegistry:1041] - Getting all instance registry info from the eureka server 
[2024-07-03 23:16:05:3666] [main] INFO  [com.netflix.discovery.DiscoveryClient.getAndStoreFullRegistry:1050] - The response status is 200 
[2024-07-03 23:16:05:3668] [main] INFO  [com.netflix.discovery.DiscoveryClient.initScheduledTasks:1265] - Starting heartbeat executor: renew interval is: 30 
[2024-07-03 23:16:05:3668] [main] INFO  [com.netflix.discovery.InstanceInfoReplicator.<init>:60] - InstanceInfoReplicator onDemand update allowed rate per min is 4 
[2024-07-03 23:16:05:3670] [main] INFO  [com.netflix.discovery.DiscoveryClient.<init>:447] - Discovery Client initialized at timestamp 1720016165586 with initial instances count: 3 
[2024-07-03 23:16:05:3671] [main] INFO  [org.springframework.cloud.netflix.eureka.serviceregistry.EurekaServiceRegistry.register:70] - Registering application COUPON with eureka with status UP 
[2024-07-03 23:16:05:3671] [main] INFO  [com.netflix.discovery.DiscoveryClient$3.notify:1296] - Saw local status change event StatusChangeEvent [timestamp=1720016165587, current=UP, previous=STARTING] 
[2024-07-03 23:16:05:3672] [main] INFO  [org.apache.juli.logging.DirectJDKLog.log:173] - Starting ProtocolHandler ["http-nio-8070"] 
[2024-07-03 23:16:05:3672] [DiscoveryClient-InstanceInfoReplicator-0] INFO  [com.netflix.discovery.DiscoveryClient.register:817] - DiscoveryClient_COUPON/10.220.222.38:coupon:8070: registering service... 
[2024-07-03 23:16:05:3679] [main] INFO  [org.springframework.boot.web.embedded.tomcat.TomcatWebServer.start:243] - Tomcat started on port 8070 (http) with context path '/' 
[2024-07-03 23:16:05:3680] [main] INFO  [org.springframework.cloud.netflix.eureka.serviceregistry.EurekaAutoServiceRegistration.onApplicationEvent:150] - Updating port to 8070 
[2024-07-03 23:16:05:3682] [main] INFO  [org.springframework.amqp.rabbit.connection.AbstractConnectionFactory.connectAddresses:666] - Attempting to connect to: [133.186.241.167:5672] 
[2024-07-03 23:16:05:3688] [DiscoveryClient-InstanceInfoReplicator-0] INFO  [com.netflix.discovery.DiscoveryClient.register:826] - DiscoveryClient_COUPON/10.220.222.38:coupon:8070 - registration status: 204 
[2024-07-03 23:16:05:3759] [main] INFO  [org.springframework.amqp.rabbit.connection.AbstractConnectionFactory.createBareConnection:608] - Created new connection: rabbitConnectionFactory#355e1080:0/SimpleConnection@5011753d [delegate=amqp://admin@133.186.241.167:5672/, localPort=57152] 
[2024-07-03 23:16:05:3984] [main] INFO  [org.springframework.boot.StartupInfoLogger.logStarted:56] - Started CouponApplication in 3.931 seconds (process running for 4.222) 
[2024-07-03 23:16:23:21656] [SpringApplicationShutdownHook] INFO  [org.springframework.cloud.netflix.eureka.serviceregistry.EurekaServiceRegistry.deregister:91] - Unregistering application COUPON with eureka with status DOWN 
[2024-07-03 23:16:23:21656] [SpringApplicationShutdownHook] INFO  [com.netflix.discovery.DiscoveryClient$3.notify:1296] - Saw local status change event StatusChangeEvent [timestamp=1720016183572, current=DOWN, previous=UP] 
[2024-07-03 23:16:23:21656] [DiscoveryClient-InstanceInfoReplicator-0] INFO  [com.netflix.discovery.DiscoveryClient.register:817] - DiscoveryClient_COUPON/10.220.222.38:coupon:8070: registering service... 
[2024-07-03 23:16:23:21660] [DiscoveryClient-InstanceInfoReplicator-0] INFO  [com.netflix.discovery.DiscoveryClient.register:826] - DiscoveryClient_COUPON/10.220.222.38:coupon:8070 - registration status: 204 
[2024-07-03 23:16:23:21668] [org.springframework.amqp.rabbit.RabbitListenerEndpointContainer#0-2] INFO  [org.springframework.amqp.rabbit.listener.SimpleMessageListenerContainer.lambda$shutdownAndWaitOrCallback$2:686] - Waiting for workers to finish. 
[2024-07-03 23:16:23:21678] [org.springframework.amqp.rabbit.RabbitListenerEndpointContainer#1-2] INFO  [org.springframework.amqp.rabbit.listener.SimpleMessageListenerContainer.lambda$shutdownAndWaitOrCallback$2:686] - Waiting for workers to finish. 
[2024-07-03 23:16:23:21991] [org.springframework.amqp.rabbit.RabbitListenerEndpointContainer#0-2] INFO  [org.springframework.amqp.rabbit.listener.SimpleMessageListenerContainer.lambda$shutdownAndWaitOrCallback$2:690] - Successfully waited for workers to finish. 
[2024-07-03 23:16:23:22029] [org.springframework.amqp.rabbit.RabbitListenerEndpointContainer#1-2] INFO  [org.springframework.amqp.rabbit.listener.SimpleMessageListenerContainer.lambda$shutdownAndWaitOrCallback$2:690] - Successfully waited for workers to finish. 
[2024-07-03 23:16:24:22164] [SpringApplicationShutdownHook] INFO  [org.springframework.orm.jpa.AbstractEntityManagerFactoryBean.destroy:650] - Closing JPA EntityManagerFactory for persistence unit 'default' 
[2024-07-03 23:16:24:22168] [SpringApplicationShutdownHook] INFO  [com.netflix.discovery.DiscoveryClient.shutdown:879] - Shutting down DiscoveryClient ... 
[2024-07-03 23:16:27:25171] [SpringApplicationShutdownHook] INFO  [com.netflix.discovery.DiscoveryClient.unregister:915] - Unregistering ... 
[2024-07-03 23:16:27:25183] [SpringApplicationShutdownHook] INFO  [com.netflix.discovery.DiscoveryClient.unregister:917] - DiscoveryClient_COUPON/10.220.222.38:coupon:8070 - deregister  status: 200 
[2024-07-03 23:16:27:25185] [SpringApplicationShutdownHook] INFO  [com.netflix.discovery.DiscoveryClient.shutdown:904] - Completed shut down of DiscoveryClient 
